0 info it worked if it ends with ok
1 verbose cli [ 'C:\\Program Files\\nodejs\\node.exe',
1 verbose cli   'C:\\Users\\5545\\AppData\\Roaming\\npm\\node_modules\\npm\\bin\\npm-cli.js',
1 verbose cli   'start' ]
2 info using npm@4.1.2
3 info using node@v6.9.5
4 verbose run-script [ 'prestart', 'start', 'poststart' ]
5 info lifecycle alzio-project2@0.0.0~prestart: alzio-project2@0.0.0
6 silly lifecycle alzio-project2@0.0.0~prestart: no script for prestart, continuing
7 info lifecycle alzio-project2@0.0.0~start: alzio-project2@0.0.0
8 verbose lifecycle alzio-project2@0.0.0~start: unsafe-perm in lifecycle true
9 verbose lifecycle alzio-project2@0.0.0~start: PATH: C:\Users\5545\AppData\Roaming\npm\node_modules\npm\bin\node-gyp-bin;D:\nodealzio\alzio_project2\node_modules\.bin;C:\ProgramData\Oracle\Java\javapath;C:\Windows\system32;C:\Windows;C:\Windows\System32\Wbem;C:\Windows\System32\WindowsPowerShell\v1.0\;C:\Program Files (x86)\Java\jre1.8.0_101;C:\Program Files (x86)\Java\jdk1.8.0_101\bin;D:\android-sdk\tools;D:\android-sdk\platform-tools;D:\android-sdk\build-tools\19.1.0;C:\oracle\product\11.2.0\client_1\bin;C:\Program Files\Microsoft SQL Server\Client SDK\ODBC\130\Tools\Binn\;C:\Program Files (x86)\Microsoft SQL Server\130\Tools\Binn\;C:\Program Files\Microsoft SQL Server\130\Tools\Binn\;C:\Program Files\Microsoft SQL Server\130\DTS\Binn\;C:\Program Files (x86)\Microsoft SQL Server\Client SDK\ODBC\130\Tools\Binn\;C:\Program Files (x86)\Microsoft SQL Server\130\DTS\Binn\;C:\Program Files (x86)\Microsoft SQL Server\130\Tools\Binn\ManagementStudio\;C:\Users\5545\AppData\Roaming\npm;C:\Program Files\nodejs\;C:\Users\5545\bin\Sencha\Cmd\6.1.3.42/..;C:\Users\5545\AppData\Local\Microsoft\WindowsApps;C:\Program Files (x86)\IDM Computer Solutions\UltraEdit\;C:\Users\5545\AppData\Roaming\npm
10 verbose lifecycle alzio-project2@0.0.0~start: CWD: D:\nodealzio\alzio_project2
11 silly lifecycle alzio-project2@0.0.0~start: Args: [ '/d /s /c', 'node ./bin/www' ]
12 silly lifecycle alzio-project2@0.0.0~start: Returned: code: 1  signal: null
13 info lifecycle alzio-project2@0.0.0~start: Failed to exec start script
14 verbose stack Error: alzio-project2@0.0.0 start: `node ./bin/www`
14 verbose stack Exit status 1
14 verbose stack     at EventEmitter.<anonymous> (C:\Users\5545\AppData\Roaming\npm\node_modules\npm\lib\utils\lifecycle.js:279:16)
14 verbose stack     at emitTwo (events.js:106:13)
14 verbose stack     at EventEmitter.emit (events.js:191:7)
14 verbose stack     at ChildProcess.<anonymous> (C:\Users\5545\AppData\Roaming\npm\node_modules\npm\lib\utils\spawn.js:40:14)
14 verbose stack     at emitTwo (events.js:106:13)
14 verbose stack     at ChildProcess.emit (events.js:191:7)
14 verbose stack     at maybeClose (internal/child_process.js:877:16)
14 verbose stack     at Process.ChildProcess._handle.onexit (internal/child_process.js:226:5)
15 verbose pkgid alzio-project2@0.0.0
16 verbose cwd D:\nodealzio\alzio_project2
17 error Windows_NT 10.0.14393
18 error argv "C:\\Program Files\\nodejs\\node.exe" "C:\\Users\\5545\\AppData\\Roaming\\npm\\node_modules\\npm\\bin\\npm-cli.js" "start"
19 error node v6.9.5
20 error npm  v4.1.2
21 error code ELIFECYCLE
22 error alzio-project2@0.0.0 start: `node ./bin/www`
22 error Exit status 1
23 error Failed at the alzio-project2@0.0.0 start script 'node ./bin/www'.
23 error Make sure you have the latest version of node.js and npm installed.
23 error If you do, this is most likely a problem with the alzio-project2 package,
23 error not with npm itself.
23 error Tell the author that this fails on your system:
23 error     node ./bin/www
23 error You can get information on how to open an issue for this project with:
23 error     npm bugs alzio-project2
23 error Or if that isn't available, you can get their info via:
23 error     npm owner ls alzio-project2
23 error There is likely additional logging output above.
24 verbose exit [ 1, true ]
